<?xml version="1.0" encoding="UTF-8"?>
<testng-results ignored="0" total="1" passed="1" failed="0" skipped="0">
  <reporter-output>
  </reporter-output>
  <suite started-at="2025-03-06T17:21:09 IST" name="Default suite" finished-at="2025-03-06T17:21:17 IST" duration-ms="8184">
    <groups>
    </groups>
    <test started-at="2025-03-06T17:21:09 IST" name="Default test" finished-at="2025-03-06T17:21:17 IST" duration-ms="8184">
      <class name="testcases.FullFlowTest">
        <test-method is-config="true" signature="setUp()[pri:0, instance:testcases.FullFlowTest@2a798d51]" started-at="2025-03-06T17:21:09 IST" name="setUp" finished-at="2025-03-06T17:21:11 IST" duration-ms="2166" status="PASS">
          <reporter-output>
          </reporter-output>
        </test-method> <!-- setUp -->
        <test-method signature="testSignUpLoginAndOnboardingFlow()[pri:0, instance:testcases.FullFlowTest@2a798d51]" started-at="2025-03-06T17:21:11 IST" name="testSignUpLoginAndOnboardingFlow" finished-at="2025-03-06T17:21:17 IST" duration-ms="5973" status="PASS">
          <reporter-output>
          </reporter-output>
        </test-method> <!-- testSignUpLoginAndOnboardingFlow -->
        <test-method is-config="true" signature="tearDown()[pri:0, instance:testcases.FullFlowTest@2a798d51]" started-at="2025-03-06T17:21:17 IST" name="tearDown" finished-at="2025-03-06T17:21:17 IST" duration-ms="0" status="PASS">
          <reporter-output>
          </reporter-output>
        </test-method> <!-- tearDown -->
      </class> <!-- testcases.FullFlowTest -->
    </test> <!-- Default test -->
  </suite> <!-- Default suite -->
</testng-results>
